2023-01-03T00:28:48.499+0600 ERROR API error
com.vk.api.sdk.exceptions.ApiParamServerException: Invalid server (118): Invalid server
	at com.vk.api.sdk.exceptions.ExceptionMapper.parseException(ExceptionMapper.java:136) ~[sdk-1.0.14.jar:?]
	at com.vk.api.sdk.client.ApiRequest.executeWithoutRetry(ApiRequest.java:104) ~[sdk-1.0.14.jar:?]
	at com.vk.api.sdk.client.ApiRequest.execute(ApiRequest.java:79) ~[sdk-1.0.14.jar:?]
	at ru.portfolio.Portfolio.getWorks(Portfolio.java:43) ~[classes/:?]
	at ru.core.InitBot.startBot(InitBot.java:45) ~[classes/:?]
	at ru.Start.main(Start.java:9) ~[classes/:?]
2023-01-03T00:28:49.280+0600 ERROR API error
com.vk.api.sdk.exceptions.ApiParamServerException: Invalid server (118): Invalid server
	at com.vk.api.sdk.exceptions.ExceptionMapper.parseException(ExceptionMapper.java:136) ~[sdk-1.0.14.jar:?]
	at com.vk.api.sdk.client.ApiRequest.executeWithoutRetry(ApiRequest.java:104) ~[sdk-1.0.14.jar:?]
	at com.vk.api.sdk.client.ApiRequest.execute(ApiRequest.java:79) ~[sdk-1.0.14.jar:?]
	at ru.portfolio.Portfolio.getWorks(Portfolio.java:43) ~[classes/:?]
	at ru.core.InitBot.startBot(InitBot.java:45) ~[classes/:?]
	at ru.Start.main(Start.java:9) ~[classes/:?]
2023-01-03T00:28:50.046+0600 ERROR API error
com.vk.api.sdk.exceptions.ApiParamServerException: Invalid server (118): Invalid server
	at com.vk.api.sdk.exceptions.ExceptionMapper.parseException(ExceptionMapper.java:136) ~[sdk-1.0.14.jar:?]
	at com.vk.api.sdk.client.ApiRequest.executeWithoutRetry(ApiRequest.java:104) ~[sdk-1.0.14.jar:?]
	at com.vk.api.sdk.client.ApiRequest.execute(ApiRequest.java:79) ~[sdk-1.0.14.jar:?]
	at ru.portfolio.Portfolio.getWorks(Portfolio.java:43) ~[classes/:?]
	at ru.core.InitBot.startBot(InitBot.java:45) ~[classes/:?]
	at ru.Start.main(Start.java:9) ~[classes/:?]
2023-01-03T00:28:50.904+0600 ERROR API error
com.vk.api.sdk.exceptions.ApiParamServerException: Invalid server (118): Invalid server
	at com.vk.api.sdk.exceptions.ExceptionMapper.parseException(ExceptionMapper.java:136) ~[sdk-1.0.14.jar:?]
	at com.vk.api.sdk.client.ApiRequest.executeWithoutRetry(ApiRequest.java:104) ~[sdk-1.0.14.jar:?]
	at com.vk.api.sdk.client.ApiRequest.execute(ApiRequest.java:79) ~[sdk-1.0.14.jar:?]
	at ru.portfolio.Portfolio.getWorks(Portfolio.java:43) ~[classes/:?]
	at ru.core.InitBot.startBot(InitBot.java:45) ~[classes/:?]
	at ru.Start.main(Start.java:9) ~[classes/:?]
2023-01-03T00:28:51.681+0600 ERROR API error
com.vk.api.sdk.exceptions.ApiParamServerException: Invalid server (118): Invalid server
	at com.vk.api.sdk.exceptions.ExceptionMapper.parseException(ExceptionMapper.java:136) ~[sdk-1.0.14.jar:?]
	at com.vk.api.sdk.client.ApiRequest.executeWithoutRetry(ApiRequest.java:104) ~[sdk-1.0.14.jar:?]
	at com.vk.api.sdk.client.ApiRequest.execute(ApiRequest.java:79) ~[sdk-1.0.14.jar:?]
	at ru.portfolio.Portfolio.getWorks(Portfolio.java:43) ~[classes/:?]
	at ru.core.InitBot.startBot(InitBot.java:45) ~[classes/:?]
	at ru.Start.main(Start.java:9) ~[classes/:?]
2023-01-03T00:28:52.460+0600 ERROR API error
com.vk.api.sdk.exceptions.ApiParamServerException: Invalid server (118): Invalid server
	at com.vk.api.sdk.exceptions.ExceptionMapper.parseException(ExceptionMapper.java:136) ~[sdk-1.0.14.jar:?]
	at com.vk.api.sdk.client.ApiRequest.executeWithoutRetry(ApiRequest.java:104) ~[sdk-1.0.14.jar:?]
	at com.vk.api.sdk.client.ApiRequest.execute(ApiRequest.java:79) ~[sdk-1.0.14.jar:?]
	at ru.portfolio.Portfolio.getWorks(Portfolio.java:43) ~[classes/:?]
	at ru.core.InitBot.startBot(InitBot.java:45) ~[classes/:?]
	at ru.Start.main(Start.java:9) ~[classes/:?]
2023-01-03T00:28:53.239+0600 ERROR API error
com.vk.api.sdk.exceptions.ApiParamServerException: Invalid server (118): Invalid server
	at com.vk.api.sdk.exceptions.ExceptionMapper.parseException(ExceptionMapper.java:136) ~[sdk-1.0.14.jar:?]
	at com.vk.api.sdk.client.ApiRequest.executeWithoutRetry(ApiRequest.java:104) ~[sdk-1.0.14.jar:?]
	at com.vk.api.sdk.client.ApiRequest.execute(ApiRequest.java:79) ~[sdk-1.0.14.jar:?]
	at ru.portfolio.Portfolio.getWorks(Portfolio.java:43) ~[classes/:?]
	at ru.core.InitBot.startBot(InitBot.java:45) ~[classes/:?]
	at ru.Start.main(Start.java:9) ~[classes/:?]
2023-01-03T00:28:53.988+0600 ERROR API error
com.vk.api.sdk.exceptions.ApiParamServerException: Invalid server (118): Invalid server
	at com.vk.api.sdk.exceptions.ExceptionMapper.parseException(ExceptionMapper.java:136) ~[sdk-1.0.14.jar:?]
	at com.vk.api.sdk.client.ApiRequest.executeWithoutRetry(ApiRequest.java:104) ~[sdk-1.0.14.jar:?]
	at com.vk.api.sdk.client.ApiRequest.execute(ApiRequest.java:79) ~[sdk-1.0.14.jar:?]
	at ru.portfolio.Portfolio.getWorks(Portfolio.java:43) ~[classes/:?]
	at ru.core.InitBot.startBot(InitBot.java:45) ~[classes/:?]
	at ru.Start.main(Start.java:9) ~[classes/:?]
2023-01-03T00:28:54.757+0600 ERROR API error
com.vk.api.sdk.exceptions.ApiParamServerException: Invalid server (118): Invalid server
	at com.vk.api.sdk.exceptions.ExceptionMapper.parseException(ExceptionMapper.java:136) ~[sdk-1.0.14.jar:?]
	at com.vk.api.sdk.client.ApiRequest.executeWithoutRetry(ApiRequest.java:104) ~[sdk-1.0.14.jar:?]
	at com.vk.api.sdk.client.ApiRequest.execute(ApiRequest.java:79) ~[sdk-1.0.14.jar:?]
	at ru.portfolio.Portfolio.getWorks(Portfolio.java:43) ~[classes/:?]
	at ru.core.InitBot.startBot(InitBot.java:45) ~[classes/:?]
	at ru.Start.main(Start.java:9) ~[classes/:?]
2023-01-03T00:28:55.508+0600 ERROR API error
com.vk.api.sdk.exceptions.ApiParamServerException: Invalid server (118): Invalid server
	at com.vk.api.sdk.exceptions.ExceptionMapper.parseException(ExceptionMapper.java:136) ~[sdk-1.0.14.jar:?]
	at com.vk.api.sdk.client.ApiRequest.executeWithoutRetry(ApiRequest.java:104) ~[sdk-1.0.14.jar:?]
	at com.vk.api.sdk.client.ApiRequest.execute(ApiRequest.java:79) ~[sdk-1.0.14.jar:?]
	at ru.portfolio.Portfolio.getWorks(Portfolio.java:43) ~[classes/:?]
	at ru.core.InitBot.startBot(InitBot.java:45) ~[classes/:?]
	at ru.Start.main(Start.java:9) ~[classes/:?]
2023-01-03T00:28:56.277+0600 ERROR API error
com.vk.api.sdk.exceptions.ApiParamServerException: Invalid server (118): Invalid server
	at com.vk.api.sdk.exceptions.ExceptionMapper.parseException(ExceptionMapper.java:136) ~[sdk-1.0.14.jar:?]
	at com.vk.api.sdk.client.ApiRequest.executeWithoutRetry(ApiRequest.java:104) ~[sdk-1.0.14.jar:?]
	at com.vk.api.sdk.client.ApiRequest.execute(ApiRequest.java:79) ~[sdk-1.0.14.jar:?]
	at ru.portfolio.Portfolio.getWorks(Portfolio.java:43) ~[classes/:?]
	at ru.core.InitBot.startBot(InitBot.java:45) ~[classes/:?]
	at ru.Start.main(Start.java:9) ~[classes/:?]
2023-01-03T00:28:57.049+0600 ERROR API error
com.vk.api.sdk.exceptions.ApiParamServerException: Invalid server (118): Invalid server
	at com.vk.api.sdk.exceptions.ExceptionMapper.parseException(ExceptionMapper.java:136) ~[sdk-1.0.14.jar:?]
	at com.vk.api.sdk.client.ApiRequest.executeWithoutRetry(ApiRequest.java:104) ~[sdk-1.0.14.jar:?]
	at com.vk.api.sdk.client.ApiRequest.execute(ApiRequest.java:79) ~[sdk-1.0.14.jar:?]
	at ru.portfolio.Portfolio.getWorks(Portfolio.java:43) ~[classes/:?]
	at ru.core.InitBot.startBot(InitBot.java:45) ~[classes/:?]
	at ru.Start.main(Start.java:9) ~[classes/:?]
2023-01-03T00:38:03.433+0600 ERROR Problems with request: https://pu.vk.com/c843429/ss2102/upload.php?act=do_add&mid=278347422&aid=-64&gid=197471266&hash=a7e6be4b7a23e881a10c129df4eb3800&rhash=f902dbf12f192cc1d83b34a01778b78b&swfupload=1&api=1&mailphoto=1
java.io.FileNotFoundException: https:\m.media-amazon.com\images\W\WEBP_402378-T2\images\I\71CE0pQ8-FL._AC_SL1500_.jpg (Синтаксическая ошибка в имени файла, имени папки или метке тома)
	at java.io.FileInputStream.open0(Native Method) ~[?:?]
	at java.io.FileInputStream.open(FileInputStream.java:219) ~[?:?]
	at java.io.FileInputStream.<init>(FileInputStream.java:158) ~[?:?]
	at org.apache.http.entity.mime.content.FileBody.writeTo(FileBody.java:116) ~[httpmime-4.5.8.jar:4.5.8]
	at org.apache.http.entity.mime.AbstractMultipartForm.doWriteTo(AbstractMultipartForm.java:134) ~[httpmime-4.5.8.jar:4.5.8]
	at org.apache.http.entity.mime.AbstractMultipartForm.writeTo(AbstractMultipartForm.java:157) ~[httpmime-4.5.8.jar:4.5.8]
	at org.apache.http.entity.mime.MultipartFormEntity.writeTo(MultipartFormEntity.java:113) ~[httpmime-4.5.8.jar:4.5.8]
	at org.apache.http.impl.DefaultBHttpClientConnection.sendRequestEntity(DefaultBHttpClientConnection.java:156) ~[httpcore-4.4.11.jar:4.4.11]
	at org.apache.http.impl.conn.CPoolProxy.sendRequestEntity(CPoolProxy.java:152) ~[httpclient-4.5.8.jar:4.5.8]
	at org.apache.http.protocol.HttpRequestExecutor.doSendRequest(HttpRequestExecutor.java:238) ~[httpcore-4.4.11.jar:4.4.11]
	at org.apache.http.protocol.HttpRequestExecutor.execute(HttpRequestExecutor.java:123) ~[httpcore-4.4.11.jar:4.4.11]
	at org.apache.http.impl.execchain.MainClientExec.execute(MainClientExec.java:272) ~[httpclient-4.5.8.jar:4.5.8]
	at org.apache.http.impl.execchain.ProtocolExec.execute(ProtocolExec.java:186) ~[httpclient-4.5.8.jar:4.5.8]
	at org.apache.http.impl.execchain.RetryExec.execute(RetryExec.java:89) ~[httpclient-4.5.8.jar:4.5.8]
	at org.apache.http.impl.execchain.RedirectExec.execute(RedirectExec.java:110) ~[httpclient-4.5.8.jar:4.5.8]
	at org.apache.http.impl.client.InternalHttpClient.doExecute(InternalHttpClient.java:185) ~[httpclient-4.5.8.jar:4.5.8]
	at org.apache.http.impl.client.CloseableHttpClient.execute(CloseableHttpClient.java:83) ~[httpclient-4.5.8.jar:4.5.8]
	at org.apache.http.impl.client.CloseableHttpClient.execute(CloseableHttpClient.java:108) ~[httpclient-4.5.8.jar:4.5.8]
	at org.apache.http.impl.client.CloseableHttpClient.execute(CloseableHttpClient.java:56) ~[httpclient-4.5.8.jar:4.5.8]
	at com.vk.api.sdk.httpclient.HttpTransportClient.call(HttpTransportClient.java:133) ~[sdk-1.0.14.jar:?]
	at com.vk.api.sdk.httpclient.HttpTransportClient.callWithStatusCheck(HttpTransportClient.java:114) ~[sdk-1.0.14.jar:?]
	at com.vk.api.sdk.httpclient.HttpTransportClient.post(HttpTransportClient.java:278) ~[sdk-1.0.14.jar:?]
	at com.vk.api.sdk.queries.upload.UploadQueryBuilder.executeAsString(UploadQueryBuilder.java:70) ~[sdk-1.0.14.jar:?]
	at com.vk.api.sdk.queries.upload.UploadQueryBuilder.execute(UploadQueryBuilder.java:43) ~[sdk-1.0.14.jar:?]
	at ru.portfolio.Portfolio.getWorks(Portfolio.java:41) ~[classes/:?]
	at ru.core.InitBot.startBot(InitBot.java:45) ~[classes/:?]
	at ru.Start.main(Start.java:9) ~[classes/:?]
2023-01-03T00:38:04.515+0600 ERROR Problems with request: https://pu.vk.com/c856112/ss2147/upload.php?act=do_add&mid=278347422&aid=-64&gid=197471266&hash=9cd591241786085c14383ecb2ab6b055&rhash=aa40dbb67d1c59c1cbf6fa8422179287&swfupload=1&api=1&mailphoto=1
java.io.FileNotFoundException: https:\m.media-amazon.com\images\W\WEBP_402378-T2\images\I\71CE0pQ8-FL._AC_SL1500_.jpg (Синтаксическая ошибка в имени файла, имени папки или метке тома)
	at java.io.FileInputStream.open0(Native Method) ~[?:?]
	at java.io.FileInputStream.open(FileInputStream.java:219) ~[?:?]
	at java.io.FileInputStream.<init>(FileInputStream.java:158) ~[?:?]
	at org.apache.http.entity.mime.content.FileBody.writeTo(FileBody.java:116) ~[httpmime-4.5.8.jar:4.5.8]
	at org.apache.http.entity.mime.AbstractMultipartForm.doWriteTo(AbstractMultipartForm.java:134) ~[httpmime-4.5.8.jar:4.5.8]
	at org.apache.http.entity.mime.AbstractMultipartForm.writeTo(AbstractMultipartForm.java:157) ~[httpmime-4.5.8.jar:4.5.8]
	at org.apache.http.entity.mime.MultipartFormEntity.writeTo(MultipartFormEntity.java:113) ~[httpmime-4.5.8.jar:4.5.8]
	at org.apache.http.impl.DefaultBHttpClientConnection.sendRequestEntity(DefaultBHttpClientConnection.java:156) ~[httpcore-4.4.11.jar:4.4.11]
	at org.apache.http.impl.conn.CPoolProxy.sendRequestEntity(CPoolProxy.java:152) ~[httpclient-4.5.8.jar:4.5.8]
	at org.apache.http.protocol.HttpRequestExecutor.doSendRequest(HttpRequestExecutor.java:238) ~[httpcore-4.4.11.jar:4.4.11]
	at org.apache.http.protocol.HttpRequestExecutor.execute(HttpRequestExecutor.java:123) ~[httpcore-4.4.11.jar:4.4.11]
	at org.apache.http.impl.execchain.MainClientExec.execute(MainClientExec.java:272) ~[httpclient-4.5.8.jar:4.5.8]
	at org.apache.http.impl.execchain.ProtocolExec.execute(ProtocolExec.java:186) ~[httpclient-4.5.8.jar:4.5.8]
	at org.apache.http.impl.execchain.RetryExec.execute(RetryExec.java:89) ~[httpclient-4.5.8.jar:4.5.8]
	at org.apache.http.impl.execchain.RedirectExec.execute(RedirectExec.java:110) ~[httpclient-4.5.8.jar:4.5.8]
	at org.apache.http.impl.client.InternalHttpClient.doExecute(InternalHttpClient.java:185) ~[httpclient-4.5.8.jar:4.5.8]
	at org.apache.http.impl.client.CloseableHttpClient.execute(CloseableHttpClient.java:83) ~[httpclient-4.5.8.jar:4.5.8]
	at org.apache.http.impl.client.CloseableHttpClient.execute(CloseableHttpClient.java:108) ~[httpclient-4.5.8.jar:4.5.8]
	at org.apache.http.impl.client.CloseableHttpClient.execute(CloseableHttpClient.java:56) ~[httpclient-4.5.8.jar:4.5.8]
	at com.vk.api.sdk.httpclient.HttpTransportClient.call(HttpTransportClient.java:133) ~[sdk-1.0.14.jar:?]
	at com.vk.api.sdk.httpclient.HttpTransportClient.callWithStatusCheck(HttpTransportClient.java:114) ~[sdk-1.0.14.jar:?]
	at com.vk.api.sdk.httpclient.HttpTransportClient.post(HttpTransportClient.java:278) ~[sdk-1.0.14.jar:?]
	at com.vk.api.sdk.queries.upload.UploadQueryBuilder.executeAsString(UploadQueryBuilder.java:70) ~[sdk-1.0.14.jar:?]
	at com.vk.api.sdk.queries.upload.UploadQueryBuilder.execute(UploadQueryBuilder.java:43) ~[sdk-1.0.14.jar:?]
	at ru.portfolio.Portfolio.getWorks(Portfolio.java:41) ~[classes/:?]
	at ru.core.InitBot.startBot(InitBot.java:45) ~[classes/:?]
	at ru.Start.main(Start.java:9) ~[classes/:?]
2023-01-03T00:38:05.669+0600 ERROR Problems with request: https://pu.vk.com/c521232/ss2215/upload.php?act=do_add&mid=278347422&aid=-64&gid=197471266&hash=51305efd6dca5b73c7f59b0d1baaa13b&rhash=72820618b29b01429ec7950615d9f792&swfupload=1&api=1&mailphoto=1
java.io.FileNotFoundException: https:\m.media-amazon.com\images\W\WEBP_402378-T2\images\I\71CE0pQ8-FL._AC_SL1500_.jpg (Синтаксическая ошибка в имени файла, имени папки или метке тома)
	at java.io.FileInputStream.open0(Native Method) ~[?:?]
	at java.io.FileInputStream.open(FileInputStream.java:219) ~[?:?]
	at java.io.FileInputStream.<init>(FileInputStream.java:158) ~[?:?]
	at org.apache.http.entity.mime.content.FileBody.writeTo(FileBody.java:116) ~[httpmime-4.5.8.jar:4.5.8]
	at org.apache.http.entity.mime.AbstractMultipartForm.doWriteTo(AbstractMultipartForm.java:134) ~[httpmime-4.5.8.jar:4.5.8]
	at org.apache.http.entity.mime.AbstractMultipartForm.writeTo(AbstractMultipartForm.java:157) ~[httpmime-4.5.8.jar:4.5.8]
	at org.apache.http.entity.mime.MultipartFormEntity.writeTo(MultipartFormEntity.java:113) ~[httpmime-4.5.8.jar:4.5.8]
	at org.apache.http.impl.DefaultBHttpClientConnection.sendRequestEntity(DefaultBHttpClientConnection.java:156) ~[httpcore-4.4.11.jar:4.4.11]
	at org.apache.http.impl.conn.CPoolProxy.sendRequestEntity(CPoolProxy.java:152) ~[httpclient-4.5.8.jar:4.5.8]
	at org.apache.http.protocol.HttpRequestExecutor.doSendRequest(HttpRequestExecutor.java:238) ~[httpcore-4.4.11.jar:4.4.11]
	at org.apache.http.protocol.HttpRequestExecutor.execute(HttpRequestExecutor.java:123) ~[httpcore-4.4.11.jar:4.4.11]
	at org.apache.http.impl.execchain.MainClientExec.execute(MainClientExec.java:272) ~[httpclient-4.5.8.jar:4.5.8]
	at org.apache.http.impl.execchain.ProtocolExec.execute(ProtocolExec.java:186) ~[httpclient-4.5.8.jar:4.5.8]
	at org.apache.http.impl.execchain.RetryExec.execute(RetryExec.java:89) ~[httpclient-4.5.8.jar:4.5.8]
	at org.apache.http.impl.execchain.RedirectExec.execute(RedirectExec.java:110) ~[httpclient-4.5.8.jar:4.5.8]
	at org.apache.http.impl.client.InternalHttpClient.doExecute(InternalHttpClient.java:185) ~[httpclient-4.5.8.jar:4.5.8]
	at org.apache.http.impl.client.CloseableHttpClient.execute(CloseableHttpClient.java:83) ~[httpclient-4.5.8.jar:4.5.8]
	at org.apache.http.impl.client.CloseableHttpClient.execute(CloseableHttpClient.java:108) ~[httpclient-4.5.8.jar:4.5.8]
	at org.apache.http.impl.client.CloseableHttpClient.execute(CloseableHttpClient.java:56) ~[httpclient-4.5.8.jar:4.5.8]
	at com.vk.api.sdk.httpclient.HttpTransportClient.call(HttpTransportClient.java:133) ~[sdk-1.0.14.jar:?]
	at com.vk.api.sdk.httpclient.HttpTransportClient.callWithStatusCheck(HttpTransportClient.java:114) ~[sdk-1.0.14.jar:?]
	at com.vk.api.sdk.httpclient.HttpTransportClient.post(HttpTransportClient.java:278) ~[sdk-1.0.14.jar:?]
	at com.vk.api.sdk.queries.upload.UploadQueryBuilder.executeAsString(UploadQueryBuilder.java:70) ~[sdk-1.0.14.jar:?]
	at com.vk.api.sdk.queries.upload.UploadQueryBuilder.execute(UploadQueryBuilder.java:43) ~[sdk-1.0.14.jar:?]
	at ru.portfolio.Portfolio.getWorks(Portfolio.java:41) ~[classes/:?]
	at ru.core.InitBot.startBot(InitBot.java:45) ~[classes/:?]
	at ru.Start.main(Start.java:9) ~[classes/:?]
2023-01-03T00:39:17.134+0600 ERROR API error
com.vk.api.sdk.exceptions.ApiWallAddPostException: Access to adding post denied (214): Access to adding post denied: method is unavailable with group auth
	at com.vk.api.sdk.exceptions.ExceptionMapper.parseException(ExceptionMapper.java:226) ~[sdk-1.0.14.jar:?]
	at com.vk.api.sdk.client.ApiRequest.executeWithoutRetry(ApiRequest.java:104) ~[sdk-1.0.14.jar:?]
	at com.vk.api.sdk.client.ApiRequest.execute(ApiRequest.java:79) ~[sdk-1.0.14.jar:?]
	at ru.portfolio.Portfolio.getWorks(Portfolio.java:51) ~[classes/:?]
	at ru.core.InitBot.startBot(InitBot.java:45) ~[classes/:?]
	at ru.Start.main(Start.java:9) ~[classes/:?]
2023-01-03T00:39:18.298+0600 ERROR API error
com.vk.api.sdk.exceptions.ApiWallAddPostException: Access to adding post denied (214): Access to adding post denied: method is unavailable with group auth
	at com.vk.api.sdk.exceptions.ExceptionMapper.parseException(ExceptionMapper.java:226) ~[sdk-1.0.14.jar:?]
	at com.vk.api.sdk.client.ApiRequest.executeWithoutRetry(ApiRequest.java:104) ~[sdk-1.0.14.jar:?]
	at com.vk.api.sdk.client.ApiRequest.execute(ApiRequest.java:79) ~[sdk-1.0.14.jar:?]
	at ru.portfolio.Portfolio.getWorks(Portfolio.java:51) ~[classes/:?]
	at ru.core.InitBot.startBot(InitBot.java:45) ~[classes/:?]
	at ru.Start.main(Start.java:9) ~[classes/:?]
2023-01-03T00:39:19.481+0600 ERROR API error
com.vk.api.sdk.exceptions.ApiWallAddPostException: Access to adding post denied (214): Access to adding post denied: method is unavailable with group auth
	at com.vk.api.sdk.exceptions.ExceptionMapper.parseException(ExceptionMapper.java:226) ~[sdk-1.0.14.jar:?]
	at com.vk.api.sdk.client.ApiRequest.executeWithoutRetry(ApiRequest.java:104) ~[sdk-1.0.14.jar:?]
	at com.vk.api.sdk.client.ApiRequest.execute(ApiRequest.java:79) ~[sdk-1.0.14.jar:?]
	at ru.portfolio.Portfolio.getWorks(Portfolio.java:51) ~[classes/:?]
	at ru.core.InitBot.startBot(InitBot.java:45) ~[classes/:?]
	at ru.Start.main(Start.java:9) ~[classes/:?]
2023-01-03T00:39:20.810+0600 ERROR API error
com.vk.api.sdk.exceptions.ApiWallAddPostException: Access to adding post denied (214): Access to adding post denied: method is unavailable with group auth
	at com.vk.api.sdk.exceptions.ExceptionMapper.parseException(ExceptionMapper.java:226) ~[sdk-1.0.14.jar:?]
	at com.vk.api.sdk.client.ApiRequest.executeWithoutRetry(ApiRequest.java:104) ~[sdk-1.0.14.jar:?]
	at com.vk.api.sdk.client.ApiRequest.execute(ApiRequest.java:79) ~[sdk-1.0.14.jar:?]
	at ru.portfolio.Portfolio.getWorks(Portfolio.java:51) ~[classes/:?]
	at ru.core.InitBot.startBot(InitBot.java:45) ~[classes/:?]
	at ru.Start.main(Start.java:9) ~[classes/:?]
2023-01-03T00:39:22.001+0600 ERROR API error
com.vk.api.sdk.exceptions.ApiWallAddPostException: Access to adding post denied (214): Access to adding post denied: method is unavailable with group auth
	at com.vk.api.sdk.exceptions.ExceptionMapper.parseException(ExceptionMapper.java:226) ~[sdk-1.0.14.jar:?]
	at com.vk.api.sdk.client.ApiRequest.executeWithoutRetry(ApiRequest.java:104) ~[sdk-1.0.14.jar:?]
	at com.vk.api.sdk.client.ApiRequest.execute(ApiRequest.java:79) ~[sdk-1.0.14.jar:?]
	at ru.portfolio.Portfolio.getWorks(Portfolio.java:51) ~[classes/:?]
	at ru.core.InitBot.startBot(InitBot.java:45) ~[classes/:?]
	at ru.Start.main(Start.java:9) ~[classes/:?]
2023-01-03T00:42:19.548+0600 ERROR API error
com.vk.api.sdk.exceptions.ApiParamException: One of the parameters specified was missing or invalid (100): One of the parameters specified was missing or invalid: random_id is a required parameter
	at com.vk.api.sdk.exceptions.ExceptionMapper.parseException(ExceptionMapper.java:118) ~[sdk-1.0.14.jar:?]
	at com.vk.api.sdk.client.ApiRequest.executeWithoutRetry(ApiRequest.java:104) ~[sdk-1.0.14.jar:?]
	at com.vk.api.sdk.client.ApiRequest.execute(ApiRequest.java:79) ~[sdk-1.0.14.jar:?]
	at ru.portfolio.Portfolio.getWorks(Portfolio.java:49) ~[classes/:?]
	at ru.core.InitBot.startBot(InitBot.java:45) ~[classes/:?]
	at ru.Start.main(Start.java:9) ~[classes/:?]
2023-01-03T00:42:20.757+0600 ERROR API error
com.vk.api.sdk.exceptions.ApiParamException: One of the parameters specified was missing or invalid (100): One of the parameters specified was missing or invalid: random_id is a required parameter
	at com.vk.api.sdk.exceptions.ExceptionMapper.parseException(ExceptionMapper.java:118) ~[sdk-1.0.14.jar:?]
	at com.vk.api.sdk.client.ApiRequest.executeWithoutRetry(ApiRequest.java:104) ~[sdk-1.0.14.jar:?]
	at com.vk.api.sdk.client.ApiRequest.execute(ApiRequest.java:79) ~[sdk-1.0.14.jar:?]
	at ru.portfolio.Portfolio.getWorks(Portfolio.java:49) ~[classes/:?]
	at ru.core.InitBot.startBot(InitBot.java:45) ~[classes/:?]
	at ru.Start.main(Start.java:9) ~[classes/:?]
2023-01-03T00:42:21.914+0600 ERROR API error
com.vk.api.sdk.exceptions.ApiParamException: One of the parameters specified was missing or invalid (100): One of the parameters specified was missing or invalid: random_id is a required parameter
	at com.vk.api.sdk.exceptions.ExceptionMapper.parseException(ExceptionMapper.java:118) ~[sdk-1.0.14.jar:?]
	at com.vk.api.sdk.client.ApiRequest.executeWithoutRetry(ApiRequest.java:104) ~[sdk-1.0.14.jar:?]
	at com.vk.api.sdk.client.ApiRequest.execute(ApiRequest.java:79) ~[sdk-1.0.14.jar:?]
	at ru.portfolio.Portfolio.getWorks(Portfolio.java:49) ~[classes/:?]
	at ru.core.InitBot.startBot(InitBot.java:45) ~[classes/:?]
	at ru.Start.main(Start.java:9) ~[classes/:?]
2023-01-03T00:43:26.895+0600 ERROR API error
com.vk.api.sdk.exceptions.ApiParamException: One of the parameters specified was missing or invalid (100): One of the parameters specified was missing or invalid: random_id is a required parameter
	at com.vk.api.sdk.exceptions.ExceptionMapper.parseException(ExceptionMapper.java:118) ~[sdk-1.0.14.jar:?]
	at com.vk.api.sdk.client.ApiRequest.executeWithoutRetry(ApiRequest.java:104) ~[sdk-1.0.14.jar:?]
	at com.vk.api.sdk.client.ApiRequest.execute(ApiRequest.java:79) ~[sdk-1.0.14.jar:?]
	at ru.portfolio.Portfolio.getWorks(Portfolio.java:49) ~[classes/:?]
	at ru.core.InitBot.startBot(InitBot.java:45) ~[classes/:?]
	at ru.Start.main(Start.java:9) ~[classes/:?]
2023-01-03T00:43:28.090+0600 ERROR API error
com.vk.api.sdk.exceptions.ApiParamException: One of the parameters specified was missing or invalid (100): One of the parameters specified was missing or invalid: random_id is a required parameter
	at com.vk.api.sdk.exceptions.ExceptionMapper.parseException(ExceptionMapper.java:118) ~[sdk-1.0.14.jar:?]
	at com.vk.api.sdk.client.ApiRequest.executeWithoutRetry(ApiRequest.java:104) ~[sdk-1.0.14.jar:?]
	at com.vk.api.sdk.client.ApiRequest.execute(ApiRequest.java:79) ~[sdk-1.0.14.jar:?]
	at ru.portfolio.Portfolio.getWorks(Portfolio.java:49) ~[classes/:?]
	at ru.core.InitBot.startBot(InitBot.java:45) ~[classes/:?]
	at ru.Start.main(Start.java:9) ~[classes/:?]
2023-01-03T00:43:29.226+0600 ERROR API error
com.vk.api.sdk.exceptions.ApiParamException: One of the parameters specified was missing or invalid (100): One of the parameters specified was missing or invalid: random_id is a required parameter
	at com.vk.api.sdk.exceptions.ExceptionMapper.parseException(ExceptionMapper.java:118) ~[sdk-1.0.14.jar:?]
	at com.vk.api.sdk.client.ApiRequest.executeWithoutRetry(ApiRequest.java:104) ~[sdk-1.0.14.jar:?]
	at com.vk.api.sdk.client.ApiRequest.execute(ApiRequest.java:79) ~[sdk-1.0.14.jar:?]
	at ru.portfolio.Portfolio.getWorks(Portfolio.java:49) ~[classes/:?]
	at ru.core.InitBot.startBot(InitBot.java:45) ~[classes/:?]
	at ru.Start.main(Start.java:9) ~[classes/:?]
2023-01-03T00:43:30.380+0600 ERROR API error
com.vk.api.sdk.exceptions.ApiParamException: One of the parameters specified was missing or invalid (100): One of the parameters specified was missing or invalid: random_id is a required parameter
	at com.vk.api.sdk.exceptions.ExceptionMapper.parseException(ExceptionMapper.java:118) ~[sdk-1.0.14.jar:?]
	at com.vk.api.sdk.client.ApiRequest.executeWithoutRetry(ApiRequest.java:104) ~[sdk-1.0.14.jar:?]
	at com.vk.api.sdk.client.ApiRequest.execute(ApiRequest.java:79) ~[sdk-1.0.14.jar:?]
	at ru.portfolio.Portfolio.getWorks(Portfolio.java:49) ~[classes/:?]
	at ru.core.InitBot.startBot(InitBot.java:45) ~[classes/:?]
	at ru.Start.main(Start.java:9) ~[classes/:?]
2023-01-03T00:45:14.342+0600 ERROR API error
com.vk.api.sdk.exceptions.ApiParamException: One of the parameters specified was missing or invalid (100): One of the parameters specified was missing or invalid: you should specify peer_id, user_id, domain, chat_id or user_ids param
	at com.vk.api.sdk.exceptions.ExceptionMapper.parseException(ExceptionMapper.java:118) ~[sdk-1.0.14.jar:?]
	at com.vk.api.sdk.client.ApiRequest.executeWithoutRetry(ApiRequest.java:104) ~[sdk-1.0.14.jar:?]
	at com.vk.api.sdk.client.ApiRequest.execute(ApiRequest.java:79) ~[sdk-1.0.14.jar:?]
	at ru.portfolio.Portfolio.getWorks(Portfolio.java:50) ~[classes/:?]
	at ru.core.InitBot.startBot(InitBot.java:45) ~[classes/:?]
	at ru.Start.main(Start.java:9) ~[classes/:?]
2023-01-03T00:45:15.605+0600 ERROR API error
com.vk.api.sdk.exceptions.ApiParamException: One of the parameters specified was missing or invalid (100): One of the parameters specified was missing or invalid: you should specify peer_id, user_id, domain, chat_id or user_ids param
	at com.vk.api.sdk.exceptions.ExceptionMapper.parseException(ExceptionMapper.java:118) ~[sdk-1.0.14.jar:?]
	at com.vk.api.sdk.client.ApiRequest.executeWithoutRetry(ApiRequest.java:104) ~[sdk-1.0.14.jar:?]
	at com.vk.api.sdk.client.ApiRequest.execute(ApiRequest.java:79) ~[sdk-1.0.14.jar:?]
	at ru.portfolio.Portfolio.getWorks(Portfolio.java:50) ~[classes/:?]
	at ru.core.InitBot.startBot(InitBot.java:45) ~[classes/:?]
	at ru.Start.main(Start.java:9) ~[classes/:?]
2023-01-03T00:45:16.698+0600 ERROR API error
com.vk.api.sdk.exceptions.ApiParamException: One of the parameters specified was missing or invalid (100): One of the parameters specified was missing or invalid: you should specify peer_id, user_id, domain, chat_id or user_ids param
	at com.vk.api.sdk.exceptions.ExceptionMapper.parseException(ExceptionMapper.java:118) ~[sdk-1.0.14.jar:?]
	at com.vk.api.sdk.client.ApiRequest.executeWithoutRetry(ApiRequest.java:104) ~[sdk-1.0.14.jar:?]
	at com.vk.api.sdk.client.ApiRequest.execute(ApiRequest.java:79) ~[sdk-1.0.14.jar:?]
	at ru.portfolio.Portfolio.getWorks(Portfolio.java:50) ~[classes/:?]
	at ru.core.InitBot.startBot(InitBot.java:45) ~[classes/:?]
	at ru.Start.main(Start.java:9) ~[classes/:?]
2023-01-03T00:45:17.891+0600 ERROR API error
com.vk.api.sdk.exceptions.ApiParamException: One of the parameters specified was missing or invalid (100): One of the parameters specified was missing or invalid: you should specify peer_id, user_id, domain, chat_id or user_ids param
	at com.vk.api.sdk.exceptions.ExceptionMapper.parseException(ExceptionMapper.java:118) ~[sdk-1.0.14.jar:?]
	at com.vk.api.sdk.client.ApiRequest.executeWithoutRetry(ApiRequest.java:104) ~[sdk-1.0.14.jar:?]
	at com.vk.api.sdk.client.ApiRequest.execute(ApiRequest.java:79) ~[sdk-1.0.14.jar:?]
	at ru.portfolio.Portfolio.getWorks(Portfolio.java:50) ~[classes/:?]
	at ru.core.InitBot.startBot(InitBot.java:45) ~[classes/:?]
	at ru.Start.main(Start.java:9) ~[classes/:?]
2023-01-03T00:45:19.090+0600 ERROR API error
com.vk.api.sdk.exceptions.ApiParamException: One of the parameters specified was missing or invalid (100): One of the parameters specified was missing or invalid: you should specify peer_id, user_id, domain, chat_id or user_ids param
	at com.vk.api.sdk.exceptions.ExceptionMapper.parseException(ExceptionMapper.java:118) ~[sdk-1.0.14.jar:?]
	at com.vk.api.sdk.client.ApiRequest.executeWithoutRetry(ApiRequest.java:104) ~[sdk-1.0.14.jar:?]
	at com.vk.api.sdk.client.ApiRequest.execute(ApiRequest.java:79) ~[sdk-1.0.14.jar:?]
	at ru.portfolio.Portfolio.getWorks(Portfolio.java:50) ~[classes/:?]
	at ru.core.InitBot.startBot(InitBot.java:45) ~[classes/:?]
	at ru.Start.main(Start.java:9) ~[classes/:?]
2023-01-03T00:45:20.302+0600 ERROR API error
com.vk.api.sdk.exceptions.ApiParamException: One of the parameters specified was missing or invalid (100): One of the parameters specified was missing or invalid: you should specify peer_id, user_id, domain, chat_id or user_ids param
	at com.vk.api.sdk.exceptions.ExceptionMapper.parseException(ExceptionMapper.java:118) ~[sdk-1.0.14.jar:?]
	at com.vk.api.sdk.client.ApiRequest.executeWithoutRetry(ApiRequest.java:104) ~[sdk-1.0.14.jar:?]
	at com.vk.api.sdk.client.ApiRequest.execute(ApiRequest.java:79) ~[sdk-1.0.14.jar:?]
	at ru.portfolio.Portfolio.getWorks(Portfolio.java:50) ~[classes/:?]
	at ru.core.InitBot.startBot(InitBot.java:45) ~[classes/:?]
	at ru.Start.main(Start.java:9) ~[classes/:?]
2023-01-03T00:49:02.910+0600 ERROR Problems with request: https://pu.vk.com/c844530/ss2107/upload.php?act=do_add&mid=278347422&aid=-64&gid=197471266&hash=d1d28ab27542f406847aca5d1b760b8b&rhash=002e950b3f7f62e6c1b852c1fdac1ee7&swfupload=1&api=1&mailphoto=1
java.io.FileNotFoundException: C:\Users\B4LD3GN!K\Pictures\Аватарки (Отказано в доступе)
	at java.io.FileInputStream.open0(Native Method) ~[?:?]
	at java.io.FileInputStream.open(FileInputStream.java:219) ~[?:?]
	at java.io.FileInputStream.<init>(FileInputStream.java:158) ~[?:?]
	at org.apache.http.entity.mime.content.FileBody.writeTo(FileBody.java:116) ~[httpmime-4.5.8.jar:4.5.8]
	at org.apache.http.entity.mime.AbstractMultipartForm.doWriteTo(AbstractMultipartForm.java:134) ~[httpmime-4.5.8.jar:4.5.8]
	at org.apache.http.entity.mime.AbstractMultipartForm.writeTo(AbstractMultipartForm.java:157) ~[httpmime-4.5.8.jar:4.5.8]
	at org.apache.http.entity.mime.MultipartFormEntity.writeTo(MultipartFormEntity.java:113) ~[httpmime-4.5.8.jar:4.5.8]
	at org.apache.http.impl.DefaultBHttpClientConnection.sendRequestEntity(DefaultBHttpClientConnection.java:156) ~[httpcore-4.4.11.jar:4.4.11]
	at org.apache.http.impl.conn.CPoolProxy.sendRequestEntity(CPoolProxy.java:152) ~[httpclient-4.5.8.jar:4.5.8]
	at org.apache.http.protocol.HttpRequestExecutor.doSendRequest(HttpRequestExecutor.java:238) ~[httpcore-4.4.11.jar:4.4.11]
	at org.apache.http.protocol.HttpRequestExecutor.execute(HttpRequestExecutor.java:123) ~[httpcore-4.4.11.jar:4.4.11]
	at org.apache.http.impl.execchain.MainClientExec.execute(MainClientExec.java:272) ~[httpclient-4.5.8.jar:4.5.8]
	at org.apache.http.impl.execchain.ProtocolExec.execute(ProtocolExec.java:186) ~[httpclient-4.5.8.jar:4.5.8]
	at org.apache.http.impl.execchain.RetryExec.execute(RetryExec.java:89) ~[httpclient-4.5.8.jar:4.5.8]
	at org.apache.http.impl.execchain.RedirectExec.execute(RedirectExec.java:110) ~[httpclient-4.5.8.jar:4.5.8]
	at org.apache.http.impl.client.InternalHttpClient.doExecute(InternalHttpClient.java:185) ~[httpclient-4.5.8.jar:4.5.8]
	at org.apache.http.impl.client.CloseableHttpClient.execute(CloseableHttpClient.java:83) ~[httpclient-4.5.8.jar:4.5.8]
	at org.apache.http.impl.client.CloseableHttpClient.execute(CloseableHttpClient.java:108) ~[httpclient-4.5.8.jar:4.5.8]
	at org.apache.http.impl.client.CloseableHttpClient.execute(CloseableHttpClient.java:56) ~[httpclient-4.5.8.jar:4.5.8]
	at com.vk.api.sdk.httpclient.HttpTransportClient.call(HttpTransportClient.java:133) ~[sdk-1.0.14.jar:?]
	at com.vk.api.sdk.httpclient.HttpTransportClient.callWithStatusCheck(HttpTransportClient.java:114) ~[sdk-1.0.14.jar:?]
	at com.vk.api.sdk.httpclient.HttpTransportClient.post(HttpTransportClient.java:278) ~[sdk-1.0.14.jar:?]
	at com.vk.api.sdk.queries.upload.UploadQueryBuilder.executeAsString(UploadQueryBuilder.java:70) ~[sdk-1.0.14.jar:?]
	at com.vk.api.sdk.queries.upload.UploadQueryBuilder.execute(UploadQueryBuilder.java:43) ~[sdk-1.0.14.jar:?]
	at ru.portfolio.Portfolio.getWorks(Portfolio.java:28) ~[classes/:?]
	at ru.core.InitBot.startBot(InitBot.java:45) ~[classes/:?]
	at ru.Start.main(Start.java:9) ~[classes/:?]
2023-01-03T00:49:03.983+0600 ERROR Problems with request: https://pu.vk.com/c517636/ss2241/upload.php?act=do_add&mid=278347422&aid=-64&gid=197471266&hash=0ab9b7c06d718ed8b3d578a1dd7768ea&rhash=6e4075b433945636fcc2456a69cbe275&swfupload=1&api=1&mailphoto=1
java.io.FileNotFoundException: C:\Users\B4LD3GN!K\Pictures\Аватарки (Отказано в доступе)
	at java.io.FileInputStream.open0(Native Method) ~[?:?]
	at java.io.FileInputStream.open(FileInputStream.java:219) ~[?:?]
	at java.io.FileInputStream.<init>(FileInputStream.java:158) ~[?:?]
	at org.apache.http.entity.mime.content.FileBody.writeTo(FileBody.java:116) ~[httpmime-4.5.8.jar:4.5.8]
	at org.apache.http.entity.mime.AbstractMultipartForm.doWriteTo(AbstractMultipartForm.java:134) ~[httpmime-4.5.8.jar:4.5.8]
	at org.apache.http.entity.mime.AbstractMultipartForm.writeTo(AbstractMultipartForm.java:157) ~[httpmime-4.5.8.jar:4.5.8]
	at org.apache.http.entity.mime.MultipartFormEntity.writeTo(MultipartFormEntity.java:113) ~[httpmime-4.5.8.jar:4.5.8]
	at org.apache.http.impl.DefaultBHttpClientConnection.sendRequestEntity(DefaultBHttpClientConnection.java:156) ~[httpcore-4.4.11.jar:4.4.11]
	at org.apache.http.impl.conn.CPoolProxy.sendRequestEntity(CPoolProxy.java:152) ~[httpclient-4.5.8.jar:4.5.8]
	at org.apache.http.protocol.HttpRequestExecutor.doSendRequest(HttpRequestExecutor.java:238) ~[httpcore-4.4.11.jar:4.4.11]
	at org.apache.http.protocol.HttpRequestExecutor.execute(HttpRequestExecutor.java:123) ~[httpcore-4.4.11.jar:4.4.11]
	at org.apache.http.impl.execchain.MainClientExec.execute(MainClientExec.java:272) ~[httpclient-4.5.8.jar:4.5.8]
	at org.apache.http.impl.execchain.ProtocolExec.execute(ProtocolExec.java:186) ~[httpclient-4.5.8.jar:4.5.8]
	at org.apache.http.impl.execchain.RetryExec.execute(RetryExec.java:89) ~[httpclient-4.5.8.jar:4.5.8]
	at org.apache.http.impl.execchain.RedirectExec.execute(RedirectExec.java:110) ~[httpclient-4.5.8.jar:4.5.8]
	at org.apache.http.impl.client.InternalHttpClient.doExecute(InternalHttpClient.java:185) ~[httpclient-4.5.8.jar:4.5.8]
	at org.apache.http.impl.client.CloseableHttpClient.execute(CloseableHttpClient.java:83) ~[httpclient-4.5.8.jar:4.5.8]
	at org.apache.http.impl.client.CloseableHttpClient.execute(CloseableHttpClient.java:108) ~[httpclient-4.5.8.jar:4.5.8]
	at org.apache.http.impl.client.CloseableHttpClient.execute(CloseableHttpClient.java:56) ~[httpclient-4.5.8.jar:4.5.8]
	at com.vk.api.sdk.httpclient.HttpTransportClient.call(HttpTransportClient.java:133) ~[sdk-1.0.14.jar:?]
	at com.vk.api.sdk.httpclient.HttpTransportClient.callWithStatusCheck(HttpTransportClient.java:114) ~[sdk-1.0.14.jar:?]
	at com.vk.api.sdk.httpclient.HttpTransportClient.post(HttpTransportClient.java:278) ~[sdk-1.0.14.jar:?]
	at com.vk.api.sdk.queries.upload.UploadQueryBuilder.executeAsString(UploadQueryBuilder.java:70) ~[sdk-1.0.14.jar:?]
	at com.vk.api.sdk.queries.upload.UploadQueryBuilder.execute(UploadQueryBuilder.java:43) ~[sdk-1.0.14.jar:?]
	at ru.portfolio.Portfolio.getWorks(Portfolio.java:28) ~[classes/:?]
	at ru.core.InitBot.startBot(InitBot.java:45) ~[classes/:?]
	at ru.Start.main(Start.java:9) ~[classes/:?]
2023-01-03T00:49:05.103+0600 ERROR Problems with request: https://pu.vk.com/c858304/ss2176/upload.php?act=do_add&mid=278347422&aid=-64&gid=197471266&hash=17355cb7f4f8305193a530def0909a5a&rhash=657b0f6be7ba61c6f6515bf308d345aa&swfupload=1&api=1&mailphoto=1
java.io.FileNotFoundException: C:\Users\B4LD3GN!K\Pictures\Аватарки (Отказано в доступе)
	at java.io.FileInputStream.open0(Native Method) ~[?:?]
	at java.io.FileInputStream.open(FileInputStream.java:219) ~[?:?]
	at java.io.FileInputStream.<init>(FileInputStream.java:158) ~[?:?]
	at org.apache.http.entity.mime.content.FileBody.writeTo(FileBody.java:116) ~[httpmime-4.5.8.jar:4.5.8]
	at org.apache.http.entity.mime.AbstractMultipartForm.doWriteTo(AbstractMultipartForm.java:134) ~[httpmime-4.5.8.jar:4.5.8]
	at org.apache.http.entity.mime.AbstractMultipartForm.writeTo(AbstractMultipartForm.java:157) ~[httpmime-4.5.8.jar:4.5.8]
	at org.apache.http.entity.mime.MultipartFormEntity.writeTo(MultipartFormEntity.java:113) ~[httpmime-4.5.8.jar:4.5.8]
	at org.apache.http.impl.DefaultBHttpClientConnection.sendRequestEntity(DefaultBHttpClientConnection.java:156) ~[httpcore-4.4.11.jar:4.4.11]
	at org.apache.http.impl.conn.CPoolProxy.sendRequestEntity(CPoolProxy.java:152) ~[httpclient-4.5.8.jar:4.5.8]
	at org.apache.http.protocol.HttpRequestExecutor.doSendRequest(HttpRequestExecutor.java:238) ~[httpcore-4.4.11.jar:4.4.11]
	at org.apache.http.protocol.HttpRequestExecutor.execute(HttpRequestExecutor.java:123) ~[httpcore-4.4.11.jar:4.4.11]
	at org.apache.http.impl.execchain.MainClientExec.execute(MainClientExec.java:272) ~[httpclient-4.5.8.jar:4.5.8]
	at org.apache.http.impl.execchain.ProtocolExec.execute(ProtocolExec.java:186) ~[httpclient-4.5.8.jar:4.5.8]
	at org.apache.http.impl.execchain.RetryExec.execute(RetryExec.java:89) ~[httpclient-4.5.8.jar:4.5.8]
	at org.apache.http.impl.execchain.RedirectExec.execute(RedirectExec.java:110) ~[httpclient-4.5.8.jar:4.5.8]
	at org.apache.http.impl.client.InternalHttpClient.doExecute(InternalHttpClient.java:185) ~[httpclient-4.5.8.jar:4.5.8]
	at org.apache.http.impl.client.CloseableHttpClient.execute(CloseableHttpClient.java:83) ~[httpclient-4.5.8.jar:4.5.8]
	at org.apache.http.impl.client.CloseableHttpClient.execute(CloseableHttpClient.java:108) ~[httpclient-4.5.8.jar:4.5.8]
	at org.apache.http.impl.client.CloseableHttpClient.execute(CloseableHttpClient.java:56) ~[httpclient-4.5.8.jar:4.5.8]
	at com.vk.api.sdk.httpclient.HttpTransportClient.call(HttpTransportClient.java:133) ~[sdk-1.0.14.jar:?]
	at com.vk.api.sdk.httpclient.HttpTransportClient.callWithStatusCheck(HttpTransportClient.java:114) ~[sdk-1.0.14.jar:?]
	at com.vk.api.sdk.httpclient.HttpTransportClient.post(HttpTransportClient.java:278) ~[sdk-1.0.14.jar:?]
	at com.vk.api.sdk.queries.upload.UploadQueryBuilder.executeAsString(UploadQueryBuilder.java:70) ~[sdk-1.0.14.jar:?]
	at com.vk.api.sdk.queries.upload.UploadQueryBuilder.execute(UploadQueryBuilder.java:43) ~[sdk-1.0.14.jar:?]
	at ru.portfolio.Portfolio.getWorks(Portfolio.java:28) ~[classes/:?]
	at ru.core.InitBot.startBot(InitBot.java:45) ~[classes/:?]
	at ru.Start.main(Start.java:9) ~[classes/:?]
2023-01-03T00:49:24.602+0600 ERROR Problems with request: https://pu.vk.com/c843428/ss2098/upload.php?act=do_add&mid=278347422&aid=-64&gid=197471266&hash=3e79d5f2bdc5f66411b3994c06644d5c&rhash=80e47a25929fd64f7c7df01fc91a801e&swfupload=1&api=1&mailphoto=1
java.io.FileNotFoundException: C:\Users\B4LD3GN!K\Pictures\Аватарки (Отказано в доступе)
	at java.io.FileInputStream.open0(Native Method) ~[?:?]
	at java.io.FileInputStream.open(FileInputStream.java:219) ~[?:?]
	at java.io.FileInputStream.<init>(FileInputStream.java:158) ~[?:?]
	at org.apache.http.entity.mime.content.FileBody.writeTo(FileBody.java:116) ~[httpmime-4.5.8.jar:4.5.8]
	at org.apache.http.entity.mime.AbstractMultipartForm.doWriteTo(AbstractMultipartForm.java:134) ~[httpmime-4.5.8.jar:4.5.8]
	at org.apache.http.entity.mime.AbstractMultipartForm.writeTo(AbstractMultipartForm.java:157) ~[httpmime-4.5.8.jar:4.5.8]
	at org.apache.http.entity.mime.MultipartFormEntity.writeTo(MultipartFormEntity.java:113) ~[httpmime-4.5.8.jar:4.5.8]
	at org.apache.http.impl.DefaultBHttpClientConnection.sendRequestEntity(DefaultBHttpClientConnection.java:156) ~[httpcore-4.4.11.jar:4.4.11]
	at org.apache.http.impl.conn.CPoolProxy.sendRequestEntity(CPoolProxy.java:152) ~[httpclient-4.5.8.jar:4.5.8]
	at org.apache.http.protocol.HttpRequestExecutor.doSendRequest(HttpRequestExecutor.java:238) ~[httpcore-4.4.11.jar:4.4.11]
	at org.apache.http.protocol.HttpRequestExecutor.execute(HttpRequestExecutor.java:123) ~[httpcore-4.4.11.jar:4.4.11]
	at org.apache.http.impl.execchain.MainClientExec.execute(MainClientExec.java:272) ~[httpclient-4.5.8.jar:4.5.8]
	at org.apache.http.impl.execchain.ProtocolExec.execute(ProtocolExec.java:186) ~[httpclient-4.5.8.jar:4.5.8]
	at org.apache.http.impl.execchain.RetryExec.execute(RetryExec.java:89) ~[httpclient-4.5.8.jar:4.5.8]
	at org.apache.http.impl.execchain.RedirectExec.execute(RedirectExec.java:110) ~[httpclient-4.5.8.jar:4.5.8]
	at org.apache.http.impl.client.InternalHttpClient.doExecute(InternalHttpClient.java:185) ~[httpclient-4.5.8.jar:4.5.8]
	at org.apache.http.impl.client.CloseableHttpClient.execute(CloseableHttpClient.java:83) ~[httpclient-4.5.8.jar:4.5.8]
	at org.apache.http.impl.client.CloseableHttpClient.execute(CloseableHttpClient.java:108) ~[httpclient-4.5.8.jar:4.5.8]
	at org.apache.http.impl.client.CloseableHttpClient.execute(CloseableHttpClient.java:56) ~[httpclient-4.5.8.jar:4.5.8]
	at com.vk.api.sdk.httpclient.HttpTransportClient.call(HttpTransportClient.java:133) ~[sdk-1.0.14.jar:?]
	at com.vk.api.sdk.httpclient.HttpTransportClient.callWithStatusCheck(HttpTransportClient.java:114) ~[sdk-1.0.14.jar:?]
	at com.vk.api.sdk.httpclient.HttpTransportClient.post(HttpTransportClient.java:278) ~[sdk-1.0.14.jar:?]
	at com.vk.api.sdk.queries.upload.UploadQueryBuilder.executeAsString(UploadQueryBuilder.java:70) ~[sdk-1.0.14.jar:?]
	at com.vk.api.sdk.queries.upload.UploadQueryBuilder.execute(UploadQueryBuilder.java:43) ~[sdk-1.0.14.jar:?]
	at ru.portfolio.Portfolio.getWorks(Portfolio.java:28) ~[classes/:?]
	at ru.core.InitBot.startBot(InitBot.java:45) ~[classes/:?]
	at ru.Start.main(Start.java:9) ~[classes/:?]
2023-01-03T00:49:25.691+0600 ERROR Problems with request: https://pu.vk.com/c848624/ss2278/upload.php?act=do_add&mid=278347422&aid=-64&gid=197471266&hash=f50ec892f91f1a519aecb021c953a7d3&rhash=156f7b4e1aa8bc109ff82c20d99fe304&swfupload=1&api=1&mailphoto=1
java.io.FileNotFoundException: C:\Users\B4LD3GN!K\Pictures\Аватарки (Отказано в доступе)
	at java.io.FileInputStream.open0(Native Method) ~[?:?]
	at java.io.FileInputStream.open(FileInputStream.java:219) ~[?:?]
	at java.io.FileInputStream.<init>(FileInputStream.java:158) ~[?:?]
	at org.apache.http.entity.mime.content.FileBody.writeTo(FileBody.java:116) ~[httpmime-4.5.8.jar:4.5.8]
	at org.apache.http.entity.mime.AbstractMultipartForm.doWriteTo(AbstractMultipartForm.java:134) ~[httpmime-4.5.8.jar:4.5.8]
	at org.apache.http.entity.mime.AbstractMultipartForm.writeTo(AbstractMultipartForm.java:157) ~[httpmime-4.5.8.jar:4.5.8]
	at org.apache.http.entity.mime.MultipartFormEntity.writeTo(MultipartFormEntity.java:113) ~[httpmime-4.5.8.jar:4.5.8]
	at org.apache.http.impl.DefaultBHttpClientConnection.sendRequestEntity(DefaultBHttpClientConnection.java:156) ~[httpcore-4.4.11.jar:4.4.11]
	at org.apache.http.impl.conn.CPoolProxy.sendRequestEntity(CPoolProxy.java:152) ~[httpclient-4.5.8.jar:4.5.8]
	at org.apache.http.protocol.HttpRequestExecutor.doSendRequest(HttpRequestExecutor.java:238) ~[httpcore-4.4.11.jar:4.4.11]
	at org.apache.http.protocol.HttpRequestExecutor.execute(HttpRequestExecutor.java:123) ~[httpcore-4.4.11.jar:4.4.11]
	at org.apache.http.impl.execchain.MainClientExec.execute(MainClientExec.java:272) ~[httpclient-4.5.8.jar:4.5.8]
	at org.apache.http.impl.execchain.ProtocolExec.execute(ProtocolExec.java:186) ~[httpclient-4.5.8.jar:4.5.8]
	at org.apache.http.impl.execchain.RetryExec.execute(RetryExec.java:89) ~[httpclient-4.5.8.jar:4.5.8]
	at org.apache.http.impl.execchain.RedirectExec.execute(RedirectExec.java:110) ~[httpclient-4.5.8.jar:4.5.8]
	at org.apache.http.impl.client.InternalHttpClient.doExecute(InternalHttpClient.java:185) ~[httpclient-4.5.8.jar:4.5.8]
	at org.apache.http.impl.client.CloseableHttpClient.execute(CloseableHttpClient.java:83) ~[httpclient-4.5.8.jar:4.5.8]
	at org.apache.http.impl.client.CloseableHttpClient.execute(CloseableHttpClient.java:108) ~[httpclient-4.5.8.jar:4.5.8]
	at org.apache.http.impl.client.CloseableHttpClient.execute(CloseableHttpClient.java:56) ~[httpclient-4.5.8.jar:4.5.8]
	at com.vk.api.sdk.httpclient.HttpTransportClient.call(HttpTransportClient.java:133) ~[sdk-1.0.14.jar:?]
	at com.vk.api.sdk.httpclient.HttpTransportClient.callWithStatusCheck(HttpTransportClient.java:114) ~[sdk-1.0.14.jar:?]
	at com.vk.api.sdk.httpclient.HttpTransportClient.post(HttpTransportClient.java:278) ~[sdk-1.0.14.jar:?]
	at com.vk.api.sdk.queries.upload.UploadQueryBuilder.executeAsString(UploadQueryBuilder.java:70) ~[sdk-1.0.14.jar:?]
	at com.vk.api.sdk.queries.upload.UploadQueryBuilder.execute(UploadQueryBuilder.java:43) ~[sdk-1.0.14.jar:?]
	at ru.portfolio.Portfolio.getWorks(Portfolio.java:28) ~[classes/:?]
	at ru.core.InitBot.startBot(InitBot.java:45) ~[classes/:?]
	at ru.Start.main(Start.java:9) ~[classes/:?]
2023-01-03T00:49:26.791+0600 ERROR Problems with request: https://pu.vk.com/c520532/ss2212/upload.php?act=do_add&mid=278347422&aid=-64&gid=197471266&hash=4efa52a1e61e426dfa936d31327efc8e&rhash=8579618d79df00c24ff15aba27f41179&swfupload=1&api=1&mailphoto=1
java.io.FileNotFoundException: C:\Users\B4LD3GN!K\Pictures\Аватарки (Отказано в доступе)
	at java.io.FileInputStream.open0(Native Method) ~[?:?]
	at java.io.FileInputStream.open(FileInputStream.java:219) ~[?:?]
	at java.io.FileInputStream.<init>(FileInputStream.java:158) ~[?:?]
	at org.apache.http.entity.mime.content.FileBody.writeTo(FileBody.java:116) ~[httpmime-4.5.8.jar:4.5.8]
	at org.apache.http.entity.mime.AbstractMultipartForm.doWriteTo(AbstractMultipartForm.java:134) ~[httpmime-4.5.8.jar:4.5.8]
	at org.apache.http.entity.mime.AbstractMultipartForm.writeTo(AbstractMultipartForm.java:157) ~[httpmime-4.5.8.jar:4.5.8]
	at org.apache.http.entity.mime.MultipartFormEntity.writeTo(MultipartFormEntity.java:113) ~[httpmime-4.5.8.jar:4.5.8]
	at org.apache.http.impl.DefaultBHttpClientConnection.sendRequestEntity(DefaultBHttpClientConnection.java:156) ~[httpcore-4.4.11.jar:4.4.11]
	at org.apache.http.impl.conn.CPoolProxy.sendRequestEntity(CPoolProxy.java:152) ~[httpclient-4.5.8.jar:4.5.8]
	at org.apache.http.protocol.HttpRequestExecutor.doSendRequest(HttpRequestExecutor.java:238) ~[httpcore-4.4.11.jar:4.4.11]
	at org.apache.http.protocol.HttpRequestExecutor.execute(HttpRequestExecutor.java:123) ~[httpcore-4.4.11.jar:4.4.11]
	at org.apache.http.impl.execchain.MainClientExec.execute(MainClientExec.java:272) ~[httpclient-4.5.8.jar:4.5.8]
	at org.apache.http.impl.execchain.ProtocolExec.execute(ProtocolExec.java:186) ~[httpclient-4.5.8.jar:4.5.8]
	at org.apache.http.impl.execchain.RetryExec.execute(RetryExec.java:89) ~[httpclient-4.5.8.jar:4.5.8]
	at org.apache.http.impl.execchain.RedirectExec.execute(RedirectExec.java:110) ~[httpclient-4.5.8.jar:4.5.8]
	at org.apache.http.impl.client.InternalHttpClient.doExecute(InternalHttpClient.java:185) ~[httpclient-4.5.8.jar:4.5.8]
	at org.apache.http.impl.client.CloseableHttpClient.execute(CloseableHttpClient.java:83) ~[httpclient-4.5.8.jar:4.5.8]
	at org.apache.http.impl.client.CloseableHttpClient.execute(CloseableHttpClient.java:108) ~[httpclient-4.5.8.jar:4.5.8]
	at org.apache.http.impl.client.CloseableHttpClient.execute(CloseableHttpClient.java:56) ~[httpclient-4.5.8.jar:4.5.8]
	at com.vk.api.sdk.httpclient.HttpTransportClient.call(HttpTransportClient.java:133) ~[sdk-1.0.14.jar:?]
	at com.vk.api.sdk.httpclient.HttpTransportClient.callWithStatusCheck(HttpTransportClient.java:114) ~[sdk-1.0.14.jar:?]
	at com.vk.api.sdk.httpclient.HttpTransportClient.post(HttpTransportClient.java:278) ~[sdk-1.0.14.jar:?]
	at com.vk.api.sdk.queries.upload.UploadQueryBuilder.executeAsString(UploadQueryBuilder.java:70) ~[sdk-1.0.14.jar:?]
	at com.vk.api.sdk.queries.upload.UploadQueryBuilder.execute(UploadQueryBuilder.java:43) ~[sdk-1.0.14.jar:?]
	at ru.portfolio.Portfolio.getWorks(Portfolio.java:28) ~[classes/:?]
	at ru.core.InitBot.startBot(InitBot.java:45) ~[classes/:?]
	at ru.Start.main(Start.java:9) ~[classes/:?]
2023-01-03T00:59:23.821+0600 ERROR Problems with request: https://pu.vk.com/c857116/ss2161/upload.php?act=do_add&mid=278347422&aid=-64&gid=197471266&hash=3c1ef192cc573eca2950e2f47396a9d0&rhash=add3fe30b7dece169970b7896194947e&swfupload=1&api=1&mailphoto=1
java.io.FileNotFoundException: tattoPhoto (Отказано в доступе)
	at java.io.FileInputStream.open0(Native Method) ~[?:?]
	at java.io.FileInputStream.open(FileInputStream.java:219) ~[?:?]
	at java.io.FileInputStream.<init>(FileInputStream.java:158) ~[?:?]
	at org.apache.http.entity.mime.content.FileBody.writeTo(FileBody.java:116) ~[httpmime-4.5.8.jar:4.5.8]
	at org.apache.http.entity.mime.AbstractMultipartForm.doWriteTo(AbstractMultipartForm.java:134) ~[httpmime-4.5.8.jar:4.5.8]
	at org.apache.http.entity.mime.AbstractMultipartForm.writeTo(AbstractMultipartForm.java:157) ~[httpmime-4.5.8.jar:4.5.8]
	at org.apache.http.entity.mime.MultipartFormEntity.writeTo(MultipartFormEntity.java:113) ~[httpmime-4.5.8.jar:4.5.8]
	at org.apache.http.impl.DefaultBHttpClientConnection.sendRequestEntity(DefaultBHttpClientConnection.java:156) ~[httpcore-4.4.11.jar:4.4.11]
	at org.apache.http.impl.conn.CPoolProxy.sendRequestEntity(CPoolProxy.java:152) ~[httpclient-4.5.8.jar:4.5.8]
	at org.apache.http.protocol.HttpRequestExecutor.doSendRequest(HttpRequestExecutor.java:238) ~[httpcore-4.4.11.jar:4.4.11]
	at org.apache.http.protocol.HttpRequestExecutor.execute(HttpRequestExecutor.java:123) ~[httpcore-4.4.11.jar:4.4.11]
	at org.apache.http.impl.execchain.MainClientExec.execute(MainClientExec.java:272) ~[httpclient-4.5.8.jar:4.5.8]
	at org.apache.http.impl.execchain.ProtocolExec.execute(ProtocolExec.java:186) ~[httpclient-4.5.8.jar:4.5.8]
	at org.apache.http.impl.execchain.RetryExec.execute(RetryExec.java:89) ~[httpclient-4.5.8.jar:4.5.8]
	at org.apache.http.impl.execchain.RedirectExec.execute(RedirectExec.java:110) ~[httpclient-4.5.8.jar:4.5.8]
	at org.apache.http.impl.client.InternalHttpClient.doExecute(InternalHttpClient.java:185) ~[httpclient-4.5.8.jar:4.5.8]
	at org.apache.http.impl.client.CloseableHttpClient.execute(CloseableHttpClient.java:83) ~[httpclient-4.5.8.jar:4.5.8]
	at org.apache.http.impl.client.CloseableHttpClient.execute(CloseableHttpClient.java:108) ~[httpclient-4.5.8.jar:4.5.8]
	at org.apache.http.impl.client.CloseableHttpClient.execute(CloseableHttpClient.java:56) ~[httpclient-4.5.8.jar:4.5.8]
	at com.vk.api.sdk.httpclient.HttpTransportClient.call(HttpTransportClient.java:133) ~[sdk-1.0.14.jar:?]
	at com.vk.api.sdk.httpclient.HttpTransportClient.callWithStatusCheck(HttpTransportClient.java:114) ~[sdk-1.0.14.jar:?]
	at com.vk.api.sdk.httpclient.HttpTransportClient.post(HttpTransportClient.java:278) ~[sdk-1.0.14.jar:?]
	at com.vk.api.sdk.queries.upload.UploadQueryBuilder.executeAsString(UploadQueryBuilder.java:70) ~[sdk-1.0.14.jar:?]
	at com.vk.api.sdk.queries.upload.UploadQueryBuilder.execute(UploadQueryBuilder.java:43) ~[sdk-1.0.14.jar:?]
	at ru.portfolio.Portfolio.getWorks(Portfolio.java:28) ~[classes/:?]
	at ru.core.InitBot.startBot(InitBot.java:45) ~[classes/:?]
	at ru.Start.main(Start.java:9) ~[classes/:?]
2023-01-03T01:17:49.155+0600 ERROR Problems with request: https://pu.vk.com/c856404/ss2154/upload.php?act=do_add&mid=278347422&aid=-64&gid=197471266&hash=e3649b1c57a82f3ee27c95dd05aa75e8&rhash=4913b3d82590da88255111112564fe26&swfupload=1&api=1&mailphoto=1
java.io.FileNotFoundException: tattoPhoto (Отказано в доступе)
	at java.io.FileInputStream.open0(Native Method) ~[?:?]
	at java.io.FileInputStream.open(FileInputStream.java:219) ~[?:?]
	at java.io.FileInputStream.<init>(FileInputStream.java:158) ~[?:?]
	at org.apache.http.entity.mime.content.FileBody.writeTo(FileBody.java:116) ~[httpmime-4.5.8.jar:4.5.8]
	at org.apache.http.entity.mime.AbstractMultipartForm.doWriteTo(AbstractMultipartForm.java:134) ~[httpmime-4.5.8.jar:4.5.8]
	at org.apache.http.entity.mime.AbstractMultipartForm.writeTo(AbstractMultipartForm.java:157) ~[httpmime-4.5.8.jar:4.5.8]
	at org.apache.http.entity.mime.MultipartFormEntity.writeTo(MultipartFormEntity.java:113) ~[httpmime-4.5.8.jar:4.5.8]
	at org.apache.http.impl.DefaultBHttpClientConnection.sendRequestEntity(DefaultBHttpClientConnection.java:156) ~[httpcore-4.4.11.jar:4.4.11]
	at org.apache.http.impl.conn.CPoolProxy.sendRequestEntity(CPoolProxy.java:152) ~[httpclient-4.5.8.jar:4.5.8]
	at org.apache.http.protocol.HttpRequestExecutor.doSendRequest(HttpRequestExecutor.java:238) ~[httpcore-4.4.11.jar:4.4.11]
	at org.apache.http.protocol.HttpRequestExecutor.execute(HttpRequestExecutor.java:123) ~[httpcore-4.4.11.jar:4.4.11]
	at org.apache.http.impl.execchain.MainClientExec.execute(MainClientExec.java:272) ~[httpclient-4.5.8.jar:4.5.8]
	at org.apache.http.impl.execchain.ProtocolExec.execute(ProtocolExec.java:186) ~[httpclient-4.5.8.jar:4.5.8]
	at org.apache.http.impl.execchain.RetryExec.execute(RetryExec.java:89) ~[httpclient-4.5.8.jar:4.5.8]
	at org.apache.http.impl.execchain.RedirectExec.execute(RedirectExec.java:110) ~[httpclient-4.5.8.jar:4.5.8]
	at org.apache.http.impl.client.InternalHttpClient.doExecute(InternalHttpClient.java:185) ~[httpclient-4.5.8.jar:4.5.8]
	at org.apache.http.impl.client.CloseableHttpClient.execute(CloseableHttpClient.java:83) ~[httpclient-4.5.8.jar:4.5.8]
	at org.apache.http.impl.client.CloseableHttpClient.execute(CloseableHttpClient.java:108) ~[httpclient-4.5.8.jar:4.5.8]
	at org.apache.http.impl.client.CloseableHttpClient.execute(CloseableHttpClient.java:56) ~[httpclient-4.5.8.jar:4.5.8]
	at com.vk.api.sdk.httpclient.HttpTransportClient.call(HttpTransportClient.java:133) ~[sdk-1.0.14.jar:?]
	at com.vk.api.sdk.httpclient.HttpTransportClient.callWithStatusCheck(HttpTransportClient.java:114) ~[sdk-1.0.14.jar:?]
	at com.vk.api.sdk.httpclient.HttpTransportClient.post(HttpTransportClient.java:278) ~[sdk-1.0.14.jar:?]
	at com.vk.api.sdk.queries.upload.UploadQueryBuilder.executeAsString(UploadQueryBuilder.java:70) ~[sdk-1.0.14.jar:?]
	at com.vk.api.sdk.queries.upload.UploadQueryBuilder.execute(UploadQueryBuilder.java:43) ~[sdk-1.0.14.jar:?]
	at ru.portfolio.Portfolio.getWorks(Portfolio.java:21) ~[classes/:?]
	at ru.core.InitBot.startBot(InitBot.java:45) ~[classes/:?]
	at ru.Start.main(Start.java:9) ~[classes/:?]
2023-01-03T01:24:06.351+0600 ERROR API error
com.vk.api.sdk.exceptions.ApiParamException: One of the parameters specified was missing or invalid (100): One of the parameters specified was missing or invalid: message is empty or invalid
	at com.vk.api.sdk.exceptions.ExceptionMapper.parseException(ExceptionMapper.java:118) ~[sdk-1.0.14.jar:?]
	at com.vk.api.sdk.client.ApiRequest.executeWithoutRetry(ApiRequest.java:104) ~[sdk-1.0.14.jar:?]
	at com.vk.api.sdk.client.ApiRequest.execute(ApiRequest.java:79) ~[sdk-1.0.14.jar:?]
	at ru.message.MessageTree.lambda$messageTree$0(MessageTree.java:37) ~[classes/:?]
	at java.util.ArrayList.forEach(ArrayList.java:1511) ~[?:?]
	at ru.message.MessageTree.messageTree(MessageTree.java:20) ~[classes/:?]
	at ru.core.InitBot.startBot(InitBot.java:42) ~[classes/:?]
	at ru.Start.main(Start.java:9) ~[classes/:?]
2023-01-03T01:24:45.173+0600 ERROR API error
com.vk.api.sdk.exceptions.ApiParamException: One of the parameters specified was missing or invalid (100): One of the parameters specified was missing or invalid: message is empty or invalid
	at com.vk.api.sdk.exceptions.ExceptionMapper.parseException(ExceptionMapper.java:118) ~[sdk-1.0.14.jar:?]
	at com.vk.api.sdk.client.ApiRequest.executeWithoutRetry(ApiRequest.java:104) ~[sdk-1.0.14.jar:?]
	at com.vk.api.sdk.client.ApiRequest.execute(ApiRequest.java:79) ~[sdk-1.0.14.jar:?]
	at ru.message.MessageTree.lambda$messageTree$0(MessageTree.java:37) ~[classes/:?]
	at java.util.ArrayList.forEach(ArrayList.java:1511) ~[?:?]
	at ru.message.MessageTree.messageTree(MessageTree.java:20) ~[classes/:?]
	at ru.core.InitBot.startBot(InitBot.java:42) ~[classes/:?]
	at ru.Start.main(Start.java:9) ~[classes/:?]
